C:\CODE\MATCHING-GAME\MATCHINGGAME\DEBUG\ATWEEN.OBJ
C:\CODE\MATCHING-GAME\MATCHINGGAME\DEBUG\AUDIO.OBJ
C:\CODE\MATCHING-GAME\MATCHINGGAME\DEBUG\AVECTOR.OBJ
C:\CODE\MATCHING-GAME\MATCHINGGAME\DEBUG\CAMERA.OBJ
C:\CODE\MATCHING-GAME\MATCHINGGAME\DEBUG\CONTEXT.OBJ
C:\CODE\MATCHING-GAME\MATCHINGGAME\DEBUG\DROP.OBJ
C:\CODE\MATCHING-GAME\MATCHINGGAME\DEBUG\GLOBALS.OBJ
C:\CODE\MATCHING-GAME\MATCHINGGAME\DEBUG\MAIN.OBJ
C:\CODE\MATCHING-GAME\MATCHINGGAME\DEBUG\MAP.OBJ
C:\CODE\MATCHING-GAME\MATCHINGGAME\DEBUG\OBJECT.OBJ
C:\CODE\MATCHING-GAME\MATCHINGGAME\DEBUG\POSITION.OBJ
C:\CODE\MATCHING-GAME\MATCHINGGAME\DEBUG\SIMPLEXNOISE.OBJ
C:\CODE\MATCHING-GAME\MATCHINGGAME\DEBUG\TEXTUREANIMATION.OBJ
C:\CODE\MATCHING-GAME\MATCHINGGAME\DEBUG\THING.OBJ
C:\CODE\MATCHING-GAME\MATCHINGGAME\DEBUG\TIMER.OBJ
C:\CODE\MATCHING-GAME\MATCHINGGAME\DEBUG\USERINTERFACE.OBJ
C:\CODE\MATCHING-GAME\MATCHINGGAME\DEBUG\WINDOW.OBJ
C:\CODE\MATCHING-GAME\MATCHINGGAME\DEBUG\VC110.PDB
C:\CODE\MATCHING-GAME\MATCHINGGAME\DEBUG\BUTTON.OBJ
C:\CODE\MATCHING-GAME\MATCHINGGAME\DEBUG\FRAME.OBJ
C:\CODE\MATCHING-GAME\DEBUG\MATCHINGGAME.ILK
C:\CODE\MATCHING-GAME\DEBUG\MATCHINGGAME.EXE
C:\CODE\MATCHING-GAME\DEBUG\MATCHINGGAME.PDB
C:\code\matching-game\MatchingGame\Debug\ATween.obj
C:\code\matching-game\MatchingGame\Debug\Audio.obj
C:\code\matching-game\MatchingGame\Debug\AVector.obj
C:\code\matching-game\MatchingGame\Debug\b2BlockAllocator.obj
C:\code\matching-game\MatchingGame\Debug\b2Body.obj
C:\code\matching-game\MatchingGame\Debug\b2BroadPhase.obj
C:\code\matching-game\MatchingGame\Debug\b2CircleContact.obj
C:\code\matching-game\MatchingGame\Debug\b2CircleShape.obj
C:\code\matching-game\MatchingGame\Debug\b2CollideCircle.obj
C:\code\matching-game\MatchingGame\Debug\b2CollidePolygon.obj
C:\code\matching-game\MatchingGame\Debug\b2Collision.obj
C:\code\matching-game\MatchingGame\Debug\b2Contact.obj
C:\code\matching-game\MatchingGame\Debug\b2ContactManager.obj
C:\code\matching-game\MatchingGame\Debug\b2ContactSolver.obj
C:\code\matching-game\MatchingGame\Debug\b2Distance.obj
C:\code\matching-game\MatchingGame\Debug\b2DistanceJoint.obj
C:\code\matching-game\MatchingGame\Debug\b2DynamicTree.obj
C:\code\matching-game\MatchingGame\Debug\b2Fixture.obj
C:\code\matching-game\MatchingGame\Debug\b2FrictionJoint.obj
C:\code\matching-game\MatchingGame\Debug\b2GearJoint.obj
C:\code\matching-game\MatchingGame\Debug\b2Island.obj
C:\code\matching-game\MatchingGame\Debug\b2Joint.obj
C:\code\matching-game\MatchingGame\Debug\b2LineJoint.obj
C:\code\matching-game\MatchingGame\Debug\b2Math.obj
C:\code\matching-game\MatchingGame\Debug\b2MouseJoint.obj
C:\code\matching-game\MatchingGame\Debug\b2PolygonAndCircleContact.obj
C:\code\matching-game\MatchingGame\Debug\b2PolygonContact.obj
C:\code\matching-game\MatchingGame\Debug\b2PolygonShape.obj
C:\code\matching-game\MatchingGame\Debug\b2PrismaticJoint.obj
C:\code\matching-game\MatchingGame\Debug\b2PulleyJoint.obj
C:\code\matching-game\MatchingGame\Debug\b2RevoluteJoint.obj
C:\code\matching-game\MatchingGame\Debug\b2Settings.obj
C:\code\matching-game\MatchingGame\Debug\b2StackAllocator.obj
C:\code\matching-game\MatchingGame\Debug\b2TimeOfImpact.obj
C:\code\matching-game\MatchingGame\Debug\b2TOISolver.obj
C:\code\matching-game\MatchingGame\Debug\b2WeldJoint.obj
C:\code\matching-game\MatchingGame\Debug\b2World.obj
C:\code\matching-game\MatchingGame\Debug\b2WorldCallbacks.obj
C:\code\matching-game\MatchingGame\Debug\Button.obj
C:\code\matching-game\MatchingGame\Debug\Camera.obj
C:\code\matching-game\MatchingGame\Debug\Context.obj
C:\code\matching-game\MatchingGame\Debug\Drop.obj
C:\code\matching-game\MatchingGame\Debug\Frame.obj
C:\code\matching-game\MatchingGame\Debug\Globals.obj
C:\code\matching-game\MatchingGame\Debug\main.obj
C:\code\matching-game\MatchingGame\Debug\Map.obj
C:\code\matching-game\MatchingGame\Debug\Object.obj
C:\code\matching-game\MatchingGame\Debug\Position.obj
C:\code\matching-game\MatchingGame\Debug\simplexnoise.obj
C:\code\matching-game\MatchingGame\Debug\TextureAnimation.obj
C:\code\matching-game\MatchingGame\Debug\Thing.obj
C:\code\matching-game\MatchingGame\Debug\Timer.obj
C:\code\matching-game\MatchingGame\Debug\UserInterface.obj
C:\code\matching-game\MatchingGame\Debug\Window.obj
C:\code\matching-game\MatchingGame\Debug\MatchingGame.ilk
C:\code\matching-game\MatchingGame\Debug\cl.command.1.tlog
C:\code\matching-game\MatchingGame\Debug\CL.read.1.tlog
C:\code\matching-game\MatchingGame\Debug\CL.write.1.tlog
C:\code\matching-game\MatchingGame\Debug\link-cvtres.read.1.tlog
C:\code\matching-game\MatchingGame\Debug\link-cvtres.write.1.tlog
C:\code\matching-game\MatchingGame\Debug\link-rc.read.1.tlog
C:\code\matching-game\MatchingGame\Debug\link-rc.write.1.tlog
C:\code\matching-game\MatchingGame\Debug\link.2256-cvtres.read.1.tlog
C:\code\matching-game\MatchingGame\Debug\link.2256-cvtres.write.1.tlog
C:\code\matching-game\MatchingGame\Debug\link.2256-rc.read.1.tlog
C:\code\matching-game\MatchingGame\Debug\link.2256-rc.write.1.tlog
C:\code\matching-game\MatchingGame\Debug\link.2256.read.1.tlog
C:\code\matching-game\MatchingGame\Debug\link.2256.write.1.tlog
C:\code\matching-game\MatchingGame\Debug\link.2352-cvtres.read.1.tlog
C:\code\matching-game\MatchingGame\Debug\link.2352-cvtres.write.1.tlog
C:\code\matching-game\MatchingGame\Debug\link.2352-rc.read.1.tlog
C:\code\matching-game\MatchingGame\Debug\link.2352-rc.write.1.tlog
C:\code\matching-game\MatchingGame\Debug\link.2352.read.1.tlog
C:\code\matching-game\MatchingGame\Debug\link.2352.write.1.tlog
C:\code\matching-game\MatchingGame\Debug\link.288-cvtres.read.1.tlog
C:\code\matching-game\MatchingGame\Debug\link.288-cvtres.write.1.tlog
C:\code\matching-game\MatchingGame\Debug\link.288-rc.read.1.tlog
C:\code\matching-game\MatchingGame\Debug\link.288-rc.write.1.tlog
C:\code\matching-game\MatchingGame\Debug\link.288.read.1.tlog
C:\code\matching-game\MatchingGame\Debug\link.288.write.1.tlog
C:\code\matching-game\MatchingGame\Debug\link.3140-cvtres.read.1.tlog
C:\code\matching-game\MatchingGame\Debug\link.3140-cvtres.write.1.tlog
C:\code\matching-game\MatchingGame\Debug\link.3140-rc.read.1.tlog
C:\code\matching-game\MatchingGame\Debug\link.3140-rc.write.1.tlog
C:\code\matching-game\MatchingGame\Debug\link.3140.read.1.tlog
C:\code\matching-game\MatchingGame\Debug\link.3140.write.1.tlog
C:\code\matching-game\MatchingGame\Debug\link.3512-cvtres.read.1.tlog
C:\code\matching-game\MatchingGame\Debug\link.3512-cvtres.write.1.tlog
C:\code\matching-game\MatchingGame\Debug\link.3512-rc.read.1.tlog
C:\code\matching-game\MatchingGame\Debug\link.3512-rc.write.1.tlog
C:\code\matching-game\MatchingGame\Debug\link.3512.read.1.tlog
C:\code\matching-game\MatchingGame\Debug\link.3512.write.1.tlog
C:\code\matching-game\MatchingGame\Debug\link.4224-cvtres.read.1.tlog
C:\code\matching-game\MatchingGame\Debug\link.4224-cvtres.write.1.tlog
C:\code\matching-game\MatchingGame\Debug\link.4224-rc.read.1.tlog
C:\code\matching-game\MatchingGame\Debug\link.4224-rc.write.1.tlog
C:\code\matching-game\MatchingGame\Debug\link.4224.read.1.tlog
C:\code\matching-game\MatchingGame\Debug\link.4224.write.1.tlog
C:\code\matching-game\MatchingGame\Debug\link.4540-cvtres.read.1.tlog
C:\code\matching-game\MatchingGame\Debug\link.4540-cvtres.write.1.tlog
C:\code\matching-game\MatchingGame\Debug\link.4540-rc.read.1.tlog
C:\code\matching-game\MatchingGame\Debug\link.4540-rc.write.1.tlog
C:\code\matching-game\MatchingGame\Debug\link.4540.read.1.tlog
C:\code\matching-game\MatchingGame\Debug\link.4540.write.1.tlog
C:\code\matching-game\MatchingGame\Debug\link.4728-cvtres.read.1.tlog
C:\code\matching-game\MatchingGame\Debug\link.4728-cvtres.write.1.tlog
C:\code\matching-game\MatchingGame\Debug\link.4728-rc.read.1.tlog
C:\code\matching-game\MatchingGame\Debug\link.4728-rc.write.1.tlog
C:\code\matching-game\MatchingGame\Debug\link.4728.read.1.tlog
C:\code\matching-game\MatchingGame\Debug\link.4728.write.1.tlog
C:\code\matching-game\MatchingGame\Debug\link.4952-cvtres.read.1.tlog
C:\code\matching-game\MatchingGame\Debug\link.4952-cvtres.write.1.tlog
C:\code\matching-game\MatchingGame\Debug\link.4952-rc.read.1.tlog
C:\code\matching-game\MatchingGame\Debug\link.4952-rc.write.1.tlog
C:\code\matching-game\MatchingGame\Debug\link.4952.read.1.tlog
C:\code\matching-game\MatchingGame\Debug\link.4952.write.1.tlog
C:\code\matching-game\MatchingGame\Debug\link.5416-cvtres.read.1.tlog
C:\code\matching-game\MatchingGame\Debug\link.5416-cvtres.write.1.tlog
C:\code\matching-game\MatchingGame\Debug\link.5416-rc.read.1.tlog
C:\code\matching-game\MatchingGame\Debug\link.5416-rc.write.1.tlog
C:\code\matching-game\MatchingGame\Debug\link.5416.read.1.tlog
C:\code\matching-game\MatchingGame\Debug\link.5416.write.1.tlog
C:\code\matching-game\MatchingGame\Debug\link.6076-cvtres.read.1.tlog
C:\code\matching-game\MatchingGame\Debug\link.6076-cvtres.write.1.tlog
C:\code\matching-game\MatchingGame\Debug\link.6076-rc.read.1.tlog
C:\code\matching-game\MatchingGame\Debug\link.6076-rc.write.1.tlog
C:\code\matching-game\MatchingGame\Debug\link.6076.read.1.tlog
C:\code\matching-game\MatchingGame\Debug\link.6076.write.1.tlog
C:\code\matching-game\MatchingGame\Debug\link.6528-cvtres.read.1.tlog
C:\code\matching-game\MatchingGame\Debug\link.6528-cvtres.write.1.tlog
C:\code\matching-game\MatchingGame\Debug\link.6528-rc.read.1.tlog
C:\code\matching-game\MatchingGame\Debug\link.6528-rc.write.1.tlog
C:\code\matching-game\MatchingGame\Debug\link.6528.read.1.tlog
C:\code\matching-game\MatchingGame\Debug\link.6528.write.1.tlog
C:\code\matching-game\MatchingGame\Debug\link.7052-cvtres.read.1.tlog
C:\code\matching-game\MatchingGame\Debug\link.7052-cvtres.write.1.tlog
C:\code\matching-game\MatchingGame\Debug\link.7052-rc.read.1.tlog
C:\code\matching-game\MatchingGame\Debug\link.7052-rc.write.1.tlog
C:\code\matching-game\MatchingGame\Debug\link.7052.read.1.tlog
C:\code\matching-game\MatchingGame\Debug\link.7052.write.1.tlog
C:\code\matching-game\MatchingGame\Debug\link.7136-cvtres.read.1.tlog
C:\code\matching-game\MatchingGame\Debug\link.7136-cvtres.write.1.tlog
C:\code\matching-game\MatchingGame\Debug\link.7136-rc.read.1.tlog
C:\code\matching-game\MatchingGame\Debug\link.7136-rc.write.1.tlog
C:\code\matching-game\MatchingGame\Debug\link.7136.read.1.tlog
C:\code\matching-game\MatchingGame\Debug\link.7136.write.1.tlog
C:\code\matching-game\MatchingGame\Debug\link.command.1.tlog
C:\code\matching-game\MatchingGame\Debug\link.read.1.tlog
C:\code\matching-game\MatchingGame\Debug\link.write.1.tlog
C:\code\matching-game\MatchingGame\Debug\vc110.idb
C:\code\matching-game\MatchingGame\Debug\MatchingGame.pdb
C:\code\matching-game\MatchingGame\Debug\vc110.pdb
C:\code\matching-game\Debug\MatchingGame.pdb
C:\code\matching-game\Debug\MatchingGame.exe
C:\code\matching-game\Debug\MatchingGame.ilk
