Build started 12/18/2013 9:04:44 PM.
     1>Project "C:\code\matching-game\MatchingGame\MatchingGame.vcxproj" on node 2 (Build target(s)).
     1>ClCompile:
         C:\Program Files (x86)\Microsoft Visual Studio 11.0\VC\bin\CL.exe /c /I"C:\libs\SDL2-2.0.0\include" /ZI /nologo /W3 /WX- /Od /Oy- /D _MBCS /Gm /EHsc /RTC1 /MDd /GS /fp:precise /Zc:wchar_t /Zc:forScope /Fo"Debug\\" /Fd"Debug\vc110.pdb" /Gd /TP /analyze- /errorReport:prompt main.cpp
         main.cpp
     1>c:\code\matching-game\matchinggame\main.cpp(99): warning C4244: '=' : conversion from 'float' to 'int', possible loss of data
     1>c:\code\matching-game\matchinggame\main.cpp(100): warning C4244: '=' : conversion from 'float' to 'int', possible loss of data
     1>c:\code\matching-game\matchinggame\main.cpp(355): warning C4244: 'argument' : conversion from 'int' to 'float32', possible loss of data
     1>c:\code\matching-game\matchinggame\main.cpp(359): warning C4244: 'argument' : conversion from 'int' to 'float32', possible loss of data
     1>c:\code\matching-game\matchinggame\main.cpp(364): warning C4244: 'argument' : conversion from 'double' to 'float32', possible loss of data
     1>c:\code\matching-game\matchinggame\main.cpp(367): warning C4244: 'argument' : conversion from 'int' to 'float32', possible loss of data
     1>c:\code\matching-game\matchinggame\main.cpp(367): warning C4305: 'argument' : truncation from 'double' to 'float32'
     1>c:\code\matching-game\matchinggame\main.cpp(373): warning C4305: 'argument' : truncation from 'double' to 'float32'
     1>c:\code\matching-game\matchinggame\main.cpp(376): warning C4244: 'argument' : conversion from 'int' to 'float32', possible loss of data
     1>c:\code\matching-game\matchinggame\main.cpp(376): warning C4305: 'argument' : truncation from 'double' to 'float32'
     1>c:\code\matching-game\matchinggame\main.cpp(381): warning C4244: 'argument' : conversion from 'int' to 'float32', possible loss of data
     1>c:\code\matching-game\matchinggame\main.cpp(389): warning C4244: 'argument' : conversion from 'int' to 'float32', possible loss of data
     1>c:\code\matching-game\matchinggame\main.cpp(412): warning C4244: '=' : conversion from 'double' to 'float32', possible loss of data
     1>c:\code\matching-game\matchinggame\main.cpp(413): warning C4244: '=' : conversion from 'double' to 'float32', possible loss of data
     1>c:\code\matching-game\matchinggame\main.cpp(416): warning C4244: '=' : conversion from 'int' to 'float32', possible loss of data
     1>c:\code\matching-game\matchinggame\main.cpp(417): warning C4244: '=' : conversion from 'int' to 'float32', possible loss of data
     1>c:\code\matching-game\matchinggame\main.cpp(429): warning C4244: '=' : conversion from 'double' to 'float32', possible loss of data
     1>c:\code\matching-game\matchinggame\main.cpp(430): warning C4244: '=' : conversion from 'double' to 'float32', possible loss of data
     1>c:\code\matching-game\matchinggame\main.cpp(432): warning C4244: '=' : conversion from 'int' to 'float32', possible loss of data
     1>c:\code\matching-game\matchinggame\main.cpp(433): warning C4244: '=' : conversion from 'int' to 'float32', possible loss of data
     1>c:\code\matching-game\matchinggame\main.cpp(455): warning C4244: 'argument' : conversion from 'int' to 'float32', possible loss of data
     1>c:\code\matching-game\matchinggame\main.cpp(462): warning C4244: 'argument' : conversion from 'double' to 'float32', possible loss of data
     1>c:\code\matching-game\matchinggame\main.cpp(472): warning C4244: '=' : conversion from 'float' to 'int', possible loss of data
     1>c:\code\matching-game\matchinggame\main.cpp(473): warning C4244: '=' : conversion from 'float' to 'int', possible loss of data
     1>c:\code\matching-game\matchinggame\main.cpp(551): warning C4244: '=' : conversion from 'int' to 'float', possible loss of data
     1>c:\code\matching-game\matchinggame\main.cpp(566): warning C4244: '=' : conversion from 'double' to 'float', possible loss of data
     1>c:\code\matching-game\matchinggame\main.cpp(567): warning C4244: '=' : conversion from 'double' to 'float', possible loss of data
     1>c:\code\matching-game\matchinggame\main.cpp(665): warning C4244: 'initializing' : conversion from 'int' to 'float', possible loss of data
     1>c:\code\matching-game\matchinggame\main.cpp(673): warning C4244: '=' : conversion from 'float' to 'int', possible loss of data
     1>c:\code\matching-game\matchinggame\main.cpp(675): warning C4244: '=' : conversion from 'float' to 'int', possible loss of data
     1>c:\code\matching-game\matchinggame\main.cpp(728): warning C4244: 'argument' : conversion from 'float32' to 'int', possible loss of data
     1>c:\code\matching-game\matchinggame\main.cpp(729): warning C4244: 'argument' : conversion from 'float32' to 'int', possible loss of data
     1>c:\code\matching-game\matchinggame\main.cpp(739): warning C4244: 'argument' : conversion from 'float32' to 'int', possible loss of data
     1>c:\code\matching-game\matchinggame\main.cpp(740): warning C4244: 'argument' : conversion from 'float32' to 'int', possible loss of data
     1>c:\code\matching-game\matchinggame\main.cpp(773): warning C4244: '=' : conversion from 'int' to 'float32', possible loss of data
     1>c:\code\matching-game\matchinggame\main.cpp(793): warning C4244: '=' : conversion from 'double' to 'float', possible loss of data
     1>c:\code\matching-game\matchinggame\main.cpp(794): warning C4244: '=' : conversion from 'double' to 'float', possible loss of data
     1>c:\code\matching-game\matchinggame\main.cpp(802): warning C4244: '=' : conversion from 'int' to 'float32', possible loss of data
     1>c:\code\matching-game\matchinggame\main.cpp(812): warning C4244: '=' : conversion from 'double' to 'float', possible loss of data
     1>c:\code\matching-game\matchinggame\main.cpp(819): warning C4244: '=' : conversion from 'int' to 'float32', possible loss of data
     1>c:\code\matching-game\matchinggame\main.cpp(825): warning C4244: 'argument' : conversion from 'float32' to 'int', possible loss of data
     1>c:\code\matching-game\matchinggame\main.cpp(826): warning C4244: 'argument' : conversion from 'float32' to 'int', possible loss of data
     1>c:\code\matching-game\matchinggame\main.cpp(845): warning C4244: 'argument' : conversion from 'float32' to 'int', possible loss of data
     1>c:\code\matching-game\matchinggame\main.cpp(846): warning C4244: 'argument' : conversion from 'float32' to 'int', possible loss of data
     1>c:\code\matching-game\matchinggame\main.cpp(858): warning C4244: '=' : conversion from 'int' to 'float32', possible loss of data
     1>c:\code\matching-game\matchinggame\main.cpp(862): warning C4244: 'argument' : conversion from 'float32' to 'int', possible loss of data
     1>c:\code\matching-game\matchinggame\main.cpp(863): warning C4244: 'argument' : conversion from 'float32' to 'int', possible loss of data
     1>c:\code\matching-game\matchinggame\main.cpp(877): warning C4018: '>' : signed/unsigned mismatch
     1>c:\code\matching-game\matchinggame\main.cpp(899): warning C4101: 'image' : unreferenced local variable
     1>c:\code\matching-game\matchinggame\main.cpp(1027): warning C4244: 'argument' : conversion from 'Sint32' to 'float', possible loss of data
     1>c:\code\matching-game\matchinggame\main.cpp(1037): warning C4244: '=' : conversion from 'Sint32' to 'float', possible loss of data
     1>c:\code\matching-game\matchinggame\main.cpp(1038): warning C4244: '=' : conversion from 'Sint32' to 'float', possible loss of data
     1>c:\code\matching-game\matchinggame\main.cpp(1039): warning C4244: '=' : conversion from 'Sint32' to 'float', possible loss of data
     1>c:\code\matching-game\matchinggame\main.cpp(1040): warning C4244: '=' : conversion from 'Sint32' to 'float', possible loss of data
     1>c:\code\matching-game\matchinggame\main.cpp(1046): warning C4244: '=' : conversion from 'Sint32' to 'float', possible loss of data
     1>c:\code\matching-game\matchinggame\main.cpp(1047): warning C4244: '=' : conversion from 'Sint32' to 'float', possible loss of data
     1>c:\code\matching-game\matchinggame\main.cpp(1061): warning C4018: '<' : signed/unsigned mismatch
     1>c:\code\matching-game\matchinggame\main.cpp(1062): warning C4018: '<' : signed/unsigned mismatch
       Link:
         C:\Program Files (x86)\Microsoft Visual Studio 11.0\VC\bin\link.exe /ERRORREPORT:PROMPT /OUT:"C:\code\matching-game\Debug\MatchingGame.exe" /INCREMENTAL /NOLOGO /LIBPATH:"C:\libs\SDL2-2.0.0\lib\x86" SDL2_image.lib SDL2_mixer.lib SDL2_ttf.lib SDL2.lib SDL2main.lib kernel32.lib user32.lib gdi32.lib winspool.lib comdlg32.lib advapi32.lib shell32.lib ole32.lib oleaut32.lib uuid.lib odbc32.lib odbccp32.lib /MANIFEST /MANIFESTUAC:"level='asInvoker' uiAccess='false'" /manifest:embed /DEBUG /PDB:"C:\code\matching-game\Debug\MatchingGame.pdb" /SUBSYSTEM:CONSOLE /TLBID:1 /DYNAMICBASE /NXCOMPAT /IMPLIB:"C:\code\matching-game\Debug\MatchingGame.lib" /MACHINE:X86 Debug\b2BroadPhase.obj
         Debug\b2CollideCircle.obj
         Debug\b2CollidePolygon.obj
         Debug\b2Collision.obj
         Debug\b2Distance.obj
         Debug\b2DynamicTree.obj
         Debug\b2TimeOfImpact.obj
         Debug\b2CircleShape.obj
         Debug\b2PolygonShape.obj
         Debug\b2BlockAllocator.obj
         Debug\b2Math.obj
         Debug\b2Settings.obj
         Debug\b2StackAllocator.obj
         Debug\b2Body.obj
         Debug\b2ContactManager.obj
         Debug\b2Fixture.obj
         Debug\b2Island.obj
         Debug\b2World.obj
         Debug\b2WorldCallbacks.obj
         Debug\b2CircleContact.obj
         Debug\b2Contact.obj
         Debug\b2ContactSolver.obj
         Debug\b2PolygonAndCircleContact.obj
         Debug\b2PolygonContact.obj
         Debug\b2TOISolver.obj
         Debug\b2DistanceJoint.obj
         Debug\b2FrictionJoint.obj
         Debug\b2GearJoint.obj
         Debug\b2Joint.obj
         Debug\b2LineJoint.obj
         Debug\b2MouseJoint.obj
         Debug\b2PrismaticJoint.obj
         Debug\b2PulleyJoint.obj
         Debug\b2RevoluteJoint.obj
         Debug\b2WeldJoint.obj
         Debug\ATween.obj
         Debug\Audio.obj
         Debug\AVector.obj
         Debug\Button.obj
         Debug\Camera.obj
         Debug\Context.obj
         Debug\Drop.obj
         Debug\Frame.obj
         Debug\Globals.obj
         Debug\main.obj
         Debug\Map.obj
         Debug\Object.obj
         Debug\Position.obj
         Debug\simplexnoise.obj
         Debug\TextureAnimation.obj
         Debug\Thing.obj
         Debug\Timer.obj
         Debug\UserInterface.obj
         Debug\Window.obj
         MatchingGame.vcxproj -> C:\code\matching-game\Debug\MatchingGame.exe
     1>Done Building Project "C:\code\matching-game\MatchingGame\MatchingGame.vcxproj" (Build target(s)).

Build succeeded.

Time Elapsed 00:00:05.79
